<?xml version="1.0" encoding="utf-8"?><testsuites name="pytest tests"><testsuite name="pytest" errors="0" failures="3" skipped="0" tests="19" time="4.069" timestamp="2026-04-24T03:51:10.206427+00:00" hostname="agent-env-e6a0368a-4573-41d4-a229-3788f1d613d1"><testcase classname="backend.tests.backend_test.TestRoot" name="test_root" time="0.197" /><testcase classname="backend.tests.backend_test.TestCompanies" name="test_create_list_get" time="0.237" /><testcase classname="backend.tests.backend_test.TestCompanies" name="test_patch_pipeline_emits_event" time="0.192" /><testcase classname="backend.tests.backend_test.TestCompanies" name="test_delete_cascades" time="0.289" /><testcase classname="backend.tests.backend_test.TestContacts" name="test_contact_crud_and_primary_uniqueness" time="0.435" /><testcase classname="backend.tests.backend_test.TestContacts" name="test_contact_requires_valid_company" time="0.047" /><testcase classname="backend.tests.backend_test.TestTemplates" name="test_create_detects_placeholders_double_braces" time="0.264" /><testcase classname="backend.tests.backend_test.TestMessages" name="test_outbound_with_template_bumps_use_count" time="0.215" /><testcase classname="backend.tests.backend_test.TestMessages" name="test_inbound_flips_outbound_and_bumps_reply_count" time="0.353" /><testcase classname="backend.tests.backend_test.TestMessages" name="test_patch_replied_bumps_reply_count" time="0.304" /><testcase classname="backend.tests.backend_test.TestMessages" name="test_snooze_updates_next_followup" time="0.134" /><testcase classname="backend.tests.backend_test.TestEvents" name="test_events_crud" time="0.128" /><testcase classname="backend.tests.backend_test.TestFollowups" name="test_followups_lists_overdue" time="0.137" /><testcase classname="backend.tests.backend_test.TestDashboard" name="test_dashboard_shape" time="0.047" /><testcase classname="backend.tests.backend_test.TestExport" name="test_zip_download" time="0.048" /><testcase classname="backend.tests.backend_test.TestAI" name="test_extract_url_simple" time="0.368"><failure message="assert 502 == 200&#10; +  where 502 = &lt;Response [502]&gt;.status_code">backend/tests/backend_test.py:355: in test_extract_url_simple
    assert r.status_code == 200
E   assert 502 == 200
E    +  where 502 = &lt;Response [502]&gt;.status_code</failure></testcase><testcase classname="backend.tests.backend_test.TestAI" name="test_extract_url_unreachable" time="0.203"><failure message="assert 502 == 200&#10; +  where 502 = &lt;Response [502]&gt;.status_code">backend/tests/backend_test.py:362: in test_extract_url_unreachable
    assert r.status_code == 200
E   assert 502 == 200
E    +  where 502 = &lt;Response [502]&gt;.status_code</failure></testcase><testcase classname="backend.tests.backend_test.TestAI" name="test_extract_url_empty_400" time="0.041" /><testcase classname="backend.tests.backend_test.TestAI" name="test_nl_log_and_commit" time="0.297"><failure message="AssertionError: {&quot;detail&quot;:&quot;LLM error: Failed to generate chat completion: litellm.BadRequestError: OpenAIException - Budget has been exceeded! Current cost: 0.062664, Max budget: 0.001&quot;}&#10;assert 502 == 200&#10; +  where 502 = &lt;Response [502]&gt;.status_code">backend/tests/backend_test.py:373: in test_nl_log_and_commit
    assert r.status_code == 200, r.text
E   AssertionError: {"detail":"LLM error: Failed to generate chat completion: litellm.BadRequestError: OpenAIException - Budget has been exceeded! Current cost: 0.062664, Max budget: 0.001"}
E   assert 502 == 200
E    +  where 502 = &lt;Response [502]&gt;.status_code</failure></testcase></testsuite></testsuites>